ERROR: (gcloud.compute.ssh) unrecognized arguments: -- -L 8080:localhost:8080 

To search the help text of gcloud commands, run:
  gcloud help -- SEARCH_TERMS
ERROR: (gcloud.compute.ssh) unrecognized arguments: -- -L 8080:localhost:8080 

To search the help text of gcloud commands, run:
  gcloud help -- SEARCH_TERMS
ERROR: (gcloud.compute.ssh) unrecognized arguments: -- -L 8080:localhost:8080 

To search the help text of gcloud commands, run:
  gcloud help -- SEARCH_TERMS
tcsetattr: Interrupted system call
Connection to 35.197.45.247 closed by remote host.
Connection to 35.197.45.247 closed.
ERROR: (gcloud.compute.ssh) [/usr/bin/ssh] exited with return code [255].
External IP address was not found; defaulting to using IAP tunneling.
ERROR: (gcloud.compute.start-iap-tunnel) Error while connecting [4033: u'not authorized'].
ssh_exchange_identification: Connection closed by remote host
ERROR: (gcloud.compute.ssh) [/usr/bin/ssh] exited with return code [255].
tcsetattr: Interrupted system call
packet_write_wait: Connection to 35.197.45.247 port 22: Broken pipe
ERROR: (gcloud.compute.ssh) [/usr/bin/ssh] exited with return code [255].
tcsetattr: Interrupted system call
packet_write_wait: Connection to 35.197.45.247 port 22: Broken pipe
ERROR: (gcloud.compute.ssh) [/usr/bin/ssh] exited with return code [255].
tcsetattr: Interrupted system call
packet_write_wait: Connection to 35.197.45.247 port 22: Broken pipe
ERROR: (gcloud.compute.ssh) [/usr/bin/ssh] exited with return code [255].
tcsetattr: Interrupted system call
Connection to 35.197.45.247 closed by remote host.
Connection to 35.197.45.247 closed.
ERROR: (gcloud.compute.ssh) [/usr/bin/ssh] exited with return code [255].
tcsetattr: Interrupted system call
packet_write_wait: Connection to 34.83.210.223 port 22: Broken pipe
ERROR: (gcloud.compute.ssh) [/usr/bin/ssh] exited with return code [255].
tcsetattr: Interrupted system call
packet_write_wait: Connection to 34.83.210.223 port 22: Broken pipe
ERROR: (gcloud.compute.ssh) [/usr/bin/ssh] exited with return code [255].
tcsetattr: Interrupted system call
packet_write_wait: Connection to 34.83.210.223 port 22: Broken pipe
ERROR: (gcloud.compute.ssh) [/usr/bin/ssh] exited with return code [255].
tcsetattr: Interrupted system call
bind [127.0.0.1]:8080: Address already in use
channel_setup_fwd_listener_tcpip: cannot listen to port: 8080
Could not request local forwarding.
tcsetattr: Interrupted system call
Connection to 34.83.210.223 closed by remote host.
Connection to 34.83.210.223 closed.
Connection to 34.83.210.223 closed by remote host.
Connection to 34.83.210.223 closed.
ERROR: (gcloud.compute.ssh) [/usr/bin/ssh] exited with return code [255].
ERROR: (gcloud.compute.ssh) [/usr/bin/ssh] exited with return code [255].
tcsetattr: Interrupted system call
Connection to 34.83.210.223 closed by remote host.
Connection to 34.83.210.223 closed.
ERROR: (gcloud.compute.ssh) [/usr/bin/ssh] exited with return code [255].
tcsetattr: Interrupted system call
channel 3: open failed: connect failed: Connection refused
channel 4: open failed: connect failed: Connection refused
channel 3: open failed: connect failed: Connection refused
channel 3: open failed: connect failed: Connection refused
channel 4: open failed: connect failed: Connection refused
channel 3: open failed: connect failed: Connection refused
channel 3: open failed: connect failed: Connection refused
channel 4: open failed: connect failed: Connection refused
channel 3: open failed: connect failed: Connection refused
channel 3: open failed: connect failed: Connection refused
channel 4: open failed: connect failed: Connection refused
channel 3: open failed: connect failed: Connection refused
channel 3: open failed: connect failed: Connection refused
channel 4: open failed: connect failed: Connection refused
channel 3: open failed: connect failed: Connection refused
channel 3: open failed: connect failed: Connection refused
channel 4: open failed: connect failed: Connection refused
channel 3: open failed: connect failed: Connection refused
channel 3: open failed: connect failed: Connection refused
channel 4: open failed: connect failed: Connection refused
channel 3: open failed: connect failed: Connection refused
channel 3: open failed: connect failed: Connection refused
channel 4: open failed: connect failed: Connection refused
channel 3: open failed: connect failed: Connection refused
channel 3: open failed: connect failed: Connection refused
channel 4: open failed: connect failed: Connection refused
channel 3: open failed: connect failed: Connection refused
channel 3: open failed: connect failed: Connection refused
channel 4: open failed: connect failed: Connection refused
channel 3: open failed: connect failed: Connection refused
channel 3: open failed: connect failed: Connection refused
channel 4: open failed: connect failed: Connection refused
channel 3: open failed: connect failed: Connection refused
channel 3: open failed: connect failed: Connection refused
channel 4: open failed: connect failed: Connection refused
channel 3: open failed: connect failed: Connection refused
channel 3: open failed: connect failed: Connection refused
channel 4: open failed: connect failed: Connection refused
channel 3: open failed: connect failed: Connection refused
channel 3: open failed: connect failed: Connection refused
channel 4: open failed: connect failed: Connection refused
channel 3: open failed: connect failed: Connection refused
channel 3: open failed: connect failed: Connection refused
channel 4: open failed: connect failed: Connection refused
channel 3: open failed: connect failed: Connection refused
channel 3: open failed: connect failed: Connection refused
channel 4: open failed: connect failed: Connection refused
channel 3: open failed: connect failed: Connection refused
channel 3: open failed: connect failed: Connection refused
channel 4: open failed: connect failed: Connection refused
channel 3: open failed: connect failed: Connection refused
channel 3: open failed: connect failed: Connection refused
channel 4: open failed: connect failed: Connection refused
channel 3: open failed: connect failed: Connection refused
channel 3: open failed: connect failed: Connection refused
channel 4: open failed: connect failed: Connection refused
channel 3: open failed: connect failed: Connection refused
channel 3: open failed: connect failed: Connection refused
channel 4: open failed: connect failed: Connection refused
channel 3: open failed: connect failed: Connection refused
channel 3: open failed: connect failed: Connection refused
channel 4: open failed: connect failed: Connection refused
channel 3: open failed: connect failed: Connection refused
channel 3: open failed: connect failed: Connection refused
channel 4: open failed: connect failed: Connection refused
channel 3: open failed: connect failed: Connection refused
bind [127.0.0.1]:8080: Address already in use
channel_setup_fwd_listener_tcpip: cannot listen to port: 8080
Could not request local forwarding.
channel 3: open failed: connect failed: Connection refused
channel 4: open failed: connect failed: Connection refused
channel 3: open failed: connect failed: Connection refused
tcsetattr: Interrupted system call
channel 3: open failed: connect failed: Connection refused
channel 4: open failed: connect failed: Connection refused
channel 3: open failed: connect failed: Connection refused
channel 3: open failed: connect failed: Connection refused
channel 4: open failed: connect failed: Connection refused
channel 3: open failed: connect failed: Connection refused
channel 3: open failed: connect failed: Connection refused
channel 4: open failed: connect failed: Connection refused
channel 3: open failed: connect failed: Connection refused
channel 3: open failed: connect failed: Connection refused
channel 4: open failed: connect failed: Connection refused
channel 3: open failed: connect failed: Connection refused
channel 3: open failed: connect failed: Connection refused
channel 4: open failed: connect failed: Connection refused
channel 3: open failed: connect failed: Connection refused
channel 3: open failed: connect failed: Connection refused
channel 4: open failed: connect failed: Connection refused
channel 3: open failed: connect failed: Connection refused
channel 3: open failed: connect failed: Connection refused
channel 4: open failed: connect failed: Connection refused
channel 3: open failed: connect failed: Connection refused
channel 3: open failed: connect failed: Connection refused
channel 4: open failed: connect failed: Connection refused
channel 3: open failed: connect failed: Connection refused
packet_write_wait: Connection to 35.222.186.230 port 22: Broken pipe
ERROR: (gcloud.compute.ssh) [/usr/bin/ssh] exited with return code [255].
packet_write_wait: Connection to 35.222.186.230 port 22: Broken pipe
ERROR: (gcloud.compute.ssh) [/usr/bin/ssh] exited with return code [255].
tcsetattr: Interrupted system call
channel 3: open failed: connect failed: Connection refused
channel 4: open failed: connect failed: Connection refused
channel 3: open failed: connect failed: Connection refused
channel 3: open failed: connect failed: Connection refused
channel 4: open failed: connect failed: Connection refused
channel 3: open failed: connect failed: Connection refused
channel 3: open failed: connect failed: Connection refused
channel 4: open failed: connect failed: Connection refused
channel 3: open failed: connect failed: Connection refused
packet_write_wait: Connection to 35.232.194.28 port 22: Broken pipe
ERROR: (gcloud.compute.ssh) [/usr/bin/ssh] exited with return code [255].
tcsetattr: Interrupted system call
Connection to 35.226.133.148 closed by remote host.
Connection to 35.226.133.148 closed.
ERROR: (gcloud.compute.ssh) [/usr/bin/ssh] exited with return code [255].
ERROR: (gcloud.compute.ssh) Could not fetch resource:
 - The resource 'projects/ai-vs-covid19/zones/us-central1-f/instances/for-ekaba' was not found

ERROR: (gcloud.compute.ssh) Could not fetch resource:
 - The resource 'projects/ai-vs-covid19/zones/us-central1-f/instances/for-ekaba' was not found

tcsetattr: Interrupted system call
